<?xml version="1.0" encoding="UTF-8"?>
<!-- Generated by org.testng.reporters.JUnitReportReporter -->
<testsuite skipped="0" hostname="DESKTOP-59LOS9O" name="com.test.TestFacebook" tests="1" failures="0" timestamp="14 Jul 2022 04:25:01 GMT" time="8.223" errors="0">
  <testcase name="lanuchUrl" time="8.223" classname="com.test.TestFacebook"/>
</testsuite> <!-- com.test.TestFacebook -->
