<?xml version="1.0" encoding="UTF-8"?>
<!-- Generated by org.testng.reporters.JUnitReportReporter -->
<testsuite skipped="0" hostname="DESKTOP-59LOS9O" name="com.test.TestFacebook" tests="1" failures="0" timestamp="15 Jul 2022 03:46:40 GMT" time="5.697" errors="0">
  <testcase name="lanuchUrl" time="5.697" classname="com.test.TestFacebook"/>
</testsuite> <!-- com.test.TestFacebook -->
