<?xml version="1.0" encoding="UTF-8"?>
<!-- Generated by org.testng.reporters.JUnitReportReporter -->
<testsuite skipped="0" hostname="DESKTOP-59LOS9O" name="com.test.TestFacebook" tests="1" failures="0" timestamp="22 Aug 2022 14:59:18 GMT" time="9.393" errors="0">
  <testcase name="lanuchUrl" time="9.393" classname="com.test.TestFacebook"/>
</testsuite> <!-- com.test.TestFacebook -->
